<?xml version="1.0" encoding="UTF-8"?>
<testsuites name="Positive_Test_Suite" time="77.921" tests="4" failures="0" errors="0">
   <testsuite name="Positive_Test_Suite" tests="4" failures="0" errors="0" time="77.921" skipped="0" timestamp="2022-05-15 06:45:37" hostname="Hans-Mustofa - DESKTOP-MP0UU16" id="Test Suites/Regression_Mobile/Positive_Test_Suite">
      <properties>
         <property name="deviceName" value="Xiaomi M2102J20SG (Android 12)"/>
         <property name="devicePlatform" value=""/>
         <property name="logFolder" value="C:\\Users\\Hans-Mustofa\\Katalon Studio\\Testing-Mobile-Mini-Project-Hans\\Reports\\20220515_064523\\Regression_Mobile\\Positive_Test_Suite\\20220515_064523"/>
         <property name="logFiles" value="C:\\Users\\Hans-Mustofa\\Katalon Studio\\Testing-Mobile-Mini-Project-Hans\\Reports\\20220515_064523\\Regression_Mobile\\Positive_Test_Suite\\20220515_064523\\appium.log, C:\\Users\\Hans-Mustofa\\Katalon Studio\\Testing-Mobile-Mini-Project-Hans\\Reports\\20220515_064523\\Regression_Mobile\\Positive_Test_Suite\\20220515_064523\\execution0.log"/>
         <property name="attachments" value="C:\\Users\\Hans-Mustofa\\Katalon Studio\\Testing-Mobile-Mini-Project-Hans\\Reports\\20220515_064523\\Regression_Mobile\\Positive_Test_Suite\\20220515_064523\\1652572000496.png, C:\\Users\\Hans-Mustofa\\Katalon Studio\\Testing-Mobile-Mini-Project-Hans\\Reports\\20220515_064523\\Regression_Mobile\\Positive_Test_Suite\\20220515_064523\\1652572001398.png"/>
         <property name="hostName" value="Hans-Mustofa - DESKTOP-MP0UU16"/>
         <property name="os" value="Windows 10 64bit"/>
         <property name="appiumServerStatus" value="{&quot;value&quot;:{&quot;build&quot;:{&quot;version&quot;:&quot;1.22.3&quot;}},&quot;sessionId&quot;:null,&quot;status&quot;:0}"/>
         <property name="katalonVersion" value="8.2.5.208"/>
         <property name="deviceOS" value="Android"/>
         <property name="appiumVersion" value="1.22.3"/>
         <property name="deviceModel" value="M2102J20SG"/>
         <property name="hostAddress" value="192.168.173.1"/>
         <property name="deviceManufacturer" value="Xiaomi"/>
         <property name="deviceId" value="20256468"/>
         <property name="deviceName" value="Xiaomi M2102J20SG (Android 12)"/>
         <property name="deviceOSVersion" value="12"/>
      </properties>
      <testcase name="Test Cases/Positive_Test_Case/TC01_Register_Positif" time="31.829" classname="Test Cases/Positive_Test_Case/TC01_Register_Positif" status="PASSED">
         <system-out><![CDATA[2022-05-15 06:45:37 - [TEST_CASE][PASSED] - Test Cases/Positive_Test_Case/TC01_Register_Positif: Test Cases/Positive_Test_Case/TC01_Register_Positif

2022-05-15 06:45:38 - [TEST_STEP][PASSED] - startApplication("C:\Users\Hans-Mustofa\Documents\alta-online-shop.apk", false): Started app at: 'C:\Users\Hans-Mustofa\Documents\alta-online-shop.apk'

2022-05-15 06:45:40 - [MESSAGE][INFO] - Appium server started on port 59.577

2022-05-15 06:45:58 - [MESSAGE][PASSED] - Started app at: 'C:\Users\Hans-Mustofa\Documents\alta-online-shop.apk'

2022-05-15 06:45:58 - [TEST_STEP][PASSED] - tap(findTestObject("Object_Register/goto_Login_btn"), 0): Tapped on element 'Object Repository/Object_Register/goto_Login_btn'

2022-05-15 06:45:58 - [MESSAGE][WARNING] - Timeout '0' is invalid. Using default page load timeout: '30'

2022-05-15 06:45:59 - [MESSAGE][PASSED] - Tapped on element 'Object Repository/Object_Register/goto_Login_btn'

2022-05-15 06:45:59 - [TEST_STEP][PASSED] - tap(findTestObject("Object_Register/register_btn"), 0): Tapped on element 'Object Repository/Object_Register/register_btn'

2022-05-15 06:45:59 - [MESSAGE][WARNING] - Timeout '0' is invalid. Using default page load timeout: '30'

2022-05-15 06:46:01 - [MESSAGE][PASSED] - Tapped on element 'Object Repository/Object_Register/register_btn'

2022-05-15 06:46:01 - [TEST_STEP][PASSED] - tap(findTestObject("Object_Register/tap_username"), 0): Tapped on element 'Object Repository/Object_Register/tap_username'

2022-05-15 06:46:01 - [MESSAGE][WARNING] - Timeout '0' is invalid. Using default page load timeout: '30'

2022-05-15 06:46:01 - [MESSAGE][PASSED] - Tapped on element 'Object Repository/Object_Register/tap_username'

2022-05-15 06:46:01 - [TEST_STEP][PASSED] - setText(findTestObject("Object_Register/set_text_username"), "hans123", 0): Text 'hans123' has been set to element 'Object Repository/Object_Register/set_text_username'

2022-05-15 06:46:02 - [MESSAGE][WARNING] - Timeout '0' is invalid. Using default page load timeout: '30'

2022-05-15 06:46:03 - [MESSAGE][PASSED] - Text 'hans123' has been set to element 'Object Repository/Object_Register/set_text_username'

2022-05-15 06:46:03 - [TEST_STEP][PASSED] - tap(findTestObject("Object_Register/tap_email"), 0): Tapped on element 'Object Repository/Object_Register/tap_email'

2022-05-15 06:46:03 - [MESSAGE][WARNING] - Timeout '0' is invalid. Using default page load timeout: '30'

2022-05-15 06:46:04 - [MESSAGE][PASSED] - Tapped on element 'Object Repository/Object_Register/tap_email'

2022-05-15 06:46:04 - [TEST_STEP][PASSED] - setText(findTestObject("Object_Register/set_text_email"), "hansa3@email.com", 0): Text 'hansa3@email.com' has been set to element 'Object Repository/Object_Register/set_text_email'

2022-05-15 06:46:04 - [MESSAGE][WARNING] - Timeout '0' is invalid. Using default page load timeout: '30'

2022-05-15 06:46:05 - [MESSAGE][PASSED] - Text 'hansa3@email.com' has been set to element 'Object Repository/Object_Register/set_text_email'

2022-05-15 06:46:05 - [TEST_STEP][PASSED] - tap(findTestObject("Object_Register/tap_password"), 0): Tapped on element 'Object Repository/Object_Register/tap_password'

2022-05-15 06:46:05 - [MESSAGE][WARNING] - Timeout '0' is invalid. Using default page load timeout: '30'

2022-05-15 06:46:06 - [MESSAGE][PASSED] - Tapped on element 'Object Repository/Object_Register/tap_password'

2022-05-15 06:46:06 - [TEST_STEP][PASSED] - setText(findTestObject("Object_Register/set_text_password"), "123123bandung", 0): Text '123123bandung' has been set to element 'Object Repository/Object_Register/set_text_password'

2022-05-15 06:46:06 - [MESSAGE][WARNING] - Timeout '0' is invalid. Using default page load timeout: '30'

2022-05-15 06:46:07 - [MESSAGE][PASSED] - Text '123123bandung' has been set to element 'Object Repository/Object_Register/set_text_password'

2022-05-15 06:46:07 - [TEST_STEP][PASSED] - tap(findTestObject("Object_Register/submit_register_btn"), 0): Tapped on element 'Object Repository/Object_Register/submit_register_btn'

2022-05-15 06:46:07 - [MESSAGE][WARNING] - Timeout '0' is invalid. Using default page load timeout: '30'

2022-05-15 06:46:09 - [MESSAGE][PASSED] - Tapped on element 'Object Repository/Object_Register/submit_register_btn']]></system-out>
         <system-err><![CDATA[]]></system-err>
      </testcase>
      <testcase name="Test Cases/Positive_Test_Case/TC02_Login_Positif" time="5.597" classname="Test Cases/Positive_Test_Case/TC02_Login_Positif" status="PASSED">
         <system-out><![CDATA[2022-05-15 06:46:42 - [TEST_CASE][PASSED] - Test Cases/Positive_Test_Case/TC02_Login_Positif: Test Cases/Positive_Test_Case/TC02_Login_Positif

2022-05-15 06:46:42 - [TEST_STEP][PASSED] - tap(findTestObject("Object_Register/goto_Login_btn"), 0): Tapped on element 'Object Repository/Object_Register/goto_Login_btn'

2022-05-15 06:46:42 - [MESSAGE][WARNING] - Timeout '0' is invalid. Using default page load timeout: '30'

2022-05-15 06:46:43 - [MESSAGE][PASSED] - Tapped on element 'Object Repository/Object_Register/goto_Login_btn'

2022-05-15 06:46:43 - [TEST_STEP][PASSED] - tap(findTestObject("Object_Login/tap_email"), 0): Tapped on element 'Object Repository/Object_Login/tap_email'

2022-05-15 06:46:43 - [MESSAGE][WARNING] - Timeout '0' is invalid. Using default page load timeout: '30'

2022-05-15 06:46:43 - [MESSAGE][PASSED] - Tapped on element 'Object Repository/Object_Login/tap_email'

2022-05-15 06:46:43 - [TEST_STEP][PASSED] - setText(findTestObject("Object_Login/set_text_email"), "hans@email.com", 0): Text 'hans@email.com' has been set to element 'Object Repository/Object_Login/set_text_email'

2022-05-15 06:46:43 - [MESSAGE][WARNING] - Timeout '0' is invalid. Using default page load timeout: '30'

2022-05-15 06:46:44 - [MESSAGE][PASSED] - Text 'hans@email.com' has been set to element 'Object Repository/Object_Login/set_text_email'

2022-05-15 06:46:44 - [TEST_STEP][PASSED] - tap(findTestObject("Object_Login/tap_password"), 0): Tapped on element 'Object Repository/Object_Login/tap_password'

2022-05-15 06:46:44 - [MESSAGE][WARNING] - Timeout '0' is invalid. Using default page load timeout: '30'

2022-05-15 06:46:45 - [MESSAGE][PASSED] - Tapped on element 'Object Repository/Object_Login/tap_password'

2022-05-15 06:46:45 - [TEST_STEP][PASSED] - setText(findTestObject("Object_Login/set_text_password"), "123123bandung", 0): Text '123123bandung' has been set to element 'Object Repository/Object_Login/set_text_password'

2022-05-15 06:46:45 - [MESSAGE][WARNING] - Timeout '0' is invalid. Using default page load timeout: '30'

2022-05-15 06:46:46 - [MESSAGE][PASSED] - Text '123123bandung' has been set to element 'Object Repository/Object_Login/set_text_password'

2022-05-15 06:46:46 - [TEST_STEP][PASSED] - tap(findTestObject("Object_Login/submit_login_btn"), 0): Tapped on element 'Object Repository/Object_Login/submit_login_btn'

2022-05-15 06:46:46 - [MESSAGE][WARNING] - Timeout '0' is invalid. Using default page load timeout: '30'

2022-05-15 06:46:47 - [MESSAGE][PASSED] - Tapped on element 'Object Repository/Object_Login/submit_login_btn']]></system-out>
         <system-err><![CDATA[]]></system-err>
      </testcase>
      <testcase name="Test Cases/Positive_Test_Case/TC03_Add_to_Cart_Positif" time="6.082" classname="Test Cases/Positive_Test_Case/TC03_Add_to_Cart_Positif" status="PASSED">
         <system-out><![CDATA[2022-05-15 06:46:47 - [TEST_CASE][PASSED] - Test Cases/Positive_Test_Case/TC03_Add_to_Cart_Positif: Test Cases/Positive_Test_Case/TC03_Add_to_Cart_Positif

2022-05-15 06:46:48 - [TEST_STEP][PASSED] - tap(findTestObject("Object_Cart/btn_buy_tensi_darah_1"), 0): Tapped on element 'Object Repository/Object_Cart/btn_buy_tensi_darah_1'

2022-05-15 06:46:48 - [MESSAGE][WARNING] - Timeout '0' is invalid. Using default page load timeout: '30'

2022-05-15 06:46:48 - [MESSAGE][PASSED] - Tapped on element 'Object Repository/Object_Cart/btn_buy_tensi_darah_1'

2022-05-15 06:46:48 - [TEST_STEP][PASSED] - tap(findTestObject("Object_Cart/btn_buy_tensi_darah_2"), 0): Tapped on element 'Object Repository/Object_Cart/btn_buy_tensi_darah_2'

2022-05-15 06:46:48 - [MESSAGE][WARNING] - Timeout '0' is invalid. Using default page load timeout: '30'

2022-05-15 06:46:50 - [MESSAGE][PASSED] - Tapped on element 'Object Repository/Object_Cart/btn_buy_tensi_darah_2'

2022-05-15 06:46:50 - [TEST_STEP][PASSED] - tap(findTestObject("Object_Cart/btn_buy_durian_jatuh"), 0): Tapped on element 'Object Repository/Object_Cart/btn_buy_durian_jatuh'

2022-05-15 06:46:50 - [MESSAGE][WARNING] - Timeout '0' is invalid. Using default page load timeout: '30'

2022-05-15 06:46:50 - [MESSAGE][PASSED] - Tapped on element 'Object Repository/Object_Cart/btn_buy_durian_jatuh'

2022-05-15 06:46:50 - [TEST_STEP][PASSED] - tap(findTestObject("Object_Cart/btn_buy_tensi_darah_3"), 0): Tapped on element 'Object Repository/Object_Cart/btn_buy_tensi_darah_3'

2022-05-15 06:46:50 - [MESSAGE][WARNING] - Timeout '0' is invalid. Using default page load timeout: '30'

2022-05-15 06:46:51 - [MESSAGE][PASSED] - Tapped on element 'Object Repository/Object_Cart/btn_buy_tensi_darah_3'

2022-05-15 06:46:51 - [TEST_STEP][PASSED] - tap(findTestObject("Object_Cart/btn_buy_tensi_darah_4"), 0): Tapped on element 'Object Repository/Object_Cart/btn_buy_tensi_darah_4'

2022-05-15 06:46:52 - [MESSAGE][WARNING] - Timeout '0' is invalid. Using default page load timeout: '30'

2022-05-15 06:46:52 - [MESSAGE][PASSED] - Tapped on element 'Object Repository/Object_Cart/btn_buy_tensi_darah_4'

2022-05-15 06:46:52 - [TEST_STEP][PASSED] - tap(findTestObject("Object_Cart/btn_buy_durian_jatuh_2"), 0): Tapped on element 'Object Repository/Object_Cart/btn_buy_durian_jatuh_2'

2022-05-15 06:46:53 - [MESSAGE][WARNING] - Timeout '0' is invalid. Using default page load timeout: '30'

2022-05-15 06:46:53 - [MESSAGE][PASSED] - Tapped on element 'Object Repository/Object_Cart/btn_buy_durian_jatuh_2']]></system-out>
         <system-err><![CDATA[]]></system-err>
      </testcase>
      <testcase name="Test Cases/TC04_Logout" time="1.332" classname="Test Cases/TC04_Logout" status="PASSED">
         <system-out><![CDATA[2022-05-15 06:46:53 - [TEST_CASE][PASSED] - Test Cases/TC04_Logout: Test Cases/TC04_Logout

2022-05-15 06:46:54 - [TEST_STEP][PASSED] - tap(findTestObject("Object_Register/goto_Login_btn"), 0): Tapped on element 'Object Repository/Object_Register/goto_Login_btn'

2022-05-15 06:46:54 - [MESSAGE][WARNING] - Timeout '0' is invalid. Using default page load timeout: '30'

2022-05-15 06:46:55 - [MESSAGE][PASSED] - Tapped on element 'Object Repository/Object_Register/goto_Login_btn']]></system-out>
         <system-err><![CDATA[]]></system-err>
      </testcase>
      <system-out><![CDATA[2022-05-15 06:45:37 - [TEST_SUITE][FAILED] - Positive_Test_Suite: Test Cases/Positive_Test_Case/TC02_Login_Positif FAILED.
Reason:
com.kms.katalon.core.exception.StepFailedException: Object Object Repository/Object_Login/tap_email not found
	at com.kms.katalon.core.keyword.internal.KeywordMain.stepFailed(KeywordMain.groovy:50)
	at com.kms.katalon.core.mobile.keyword.internal.MobileKeywordMain.stepFailed(MobileKeywordMain.groovy:40)
	at com.kms.katalon.core.mobile.keyword.builtin.TapKeyword$_tap_closure1.doCall(TapKeyword.groovy:79)
	at com.kms.katalon.core.mobile.keyword.builtin.TapKeyword$_tap_closure1.call(TapKeyword.groovy)
	at com.kms.katalon.core.mobile.keyword.internal.MobileKeywordMain.runKeyword(MobileKeywordMain.groovy:21)
	at com.kms.katalon.core.mobile.keyword.builtin.TapKeyword.tap(TapKeyword.groovy:86)
	at com.kms.katalon.core.mobile.keyword.builtin.TapKeyword.execute(TapKeyword.groovy:68)
	at com.kms.katalon.core.keyword.internal.KeywordExecutor.executeKeywordForPlatform(KeywordExecutor.groovy:74)
	at com.kms.katalon.core.mobile.keyword.MobileBuiltInKeywords.tap(MobileBuiltInKeywords.groovy:1355)
	at com.kms.katalon.core.mobile.keyword.MobileBuiltInKeywords$tap$0.call(Unknown Source)
	at TC02_Login_Positif.run(TC02_Login_Positif:22)
	at com.kms.katalon.core.main.ScriptEngine.run(ScriptEngine.java:194)
	at com.kms.katalon.core.main.ScriptEngine.runScriptAsRawText(ScriptEngine.java:119)
	at com.kms.katalon.core.main.TestCaseExecutor.runScript(TestCaseExecutor.java:442)
	at com.kms.katalon.core.main.TestCaseExecutor.doExecute(TestCaseExecutor.java:433)
	at com.kms.katalon.core.main.TestCaseExecutor.processExecutionPhase(TestCaseExecutor.java:412)
	at com.kms.katalon.core.main.TestCaseExecutor.accessMainPhase(TestCaseExecutor.java:404)
	at com.kms.katalon.core.main.TestCaseExecutor.execute(TestCaseExecutor.java:281)
	at com.kms.katalon.core.main.TestSuiteExecutor.accessTestCaseMainPhase(TestSuiteExecutor.java:202)
	at com.kms.katalon.core.main.TestSuiteExecutor.accessTestSuiteMainPhase(TestSuiteExecutor.java:164)
	at com.kms.katalon.core.main.TestSuiteExecutor.execute(TestSuiteExecutor.java:105)
	at com.kms.katalon.core.main.TestCaseMain.startTestSuite(TestCaseMain.java:185)
	at com.kms.katalon.core.main.TestCaseMain$startTestSuite$0.call(Unknown Source)
	at TempTestSuite1652571923558.run(TempTestSuite1652571923558.groovy:36)]]></system-out>
      <system-err><![CDATA[2022-05-15 06:45:37 - [TEST_SUITE][FAILED] - Positive_Test_Suite: Test Cases/Positive_Test_Case/TC02_Login_Positif FAILED.
Reason:
com.kms.katalon.core.exception.StepFailedException: Object Object Repository/Object_Login/tap_email not found
	at com.kms.katalon.core.keyword.internal.KeywordMain.stepFailed(KeywordMain.groovy:50)
	at com.kms.katalon.core.mobile.keyword.internal.MobileKeywordMain.stepFailed(MobileKeywordMain.groovy:40)
	at com.kms.katalon.core.mobile.keyword.builtin.TapKeyword$_tap_closure1.doCall(TapKeyword.groovy:79)
	at com.kms.katalon.core.mobile.keyword.builtin.TapKeyword$_tap_closure1.call(TapKeyword.groovy)
	at com.kms.katalon.core.mobile.keyword.internal.MobileKeywordMain.runKeyword(MobileKeywordMain.groovy:21)
	at com.kms.katalon.core.mobile.keyword.builtin.TapKeyword.tap(TapKeyword.groovy:86)
	at com.kms.katalon.core.mobile.keyword.builtin.TapKeyword.execute(TapKeyword.groovy:68)
	at com.kms.katalon.core.keyword.internal.KeywordExecutor.executeKeywordForPlatform(KeywordExecutor.groovy:74)
	at com.kms.katalon.core.mobile.keyword.MobileBuiltInKeywords.tap(MobileBuiltInKeywords.groovy:1355)
	at com.kms.katalon.core.mobile.keyword.MobileBuiltInKeywords$tap$0.call(Unknown Source)
	at TC02_Login_Positif.run(TC02_Login_Positif:22)
	at com.kms.katalon.core.main.ScriptEngine.run(ScriptEngine.java:194)
	at com.kms.katalon.core.main.ScriptEngine.runScriptAsRawText(ScriptEngine.java:119)
	at com.kms.katalon.core.main.TestCaseExecutor.runScript(TestCaseExecutor.java:442)
	at com.kms.katalon.core.main.TestCaseExecutor.doExecute(TestCaseExecutor.java:433)
	at com.kms.katalon.core.main.TestCaseExecutor.processExecutionPhase(TestCaseExecutor.java:412)
	at com.kms.katalon.core.main.TestCaseExecutor.accessMainPhase(TestCaseExecutor.java:404)
	at com.kms.katalon.core.main.TestCaseExecutor.execute(TestCaseExecutor.java:281)
	at com.kms.katalon.core.main.TestSuiteExecutor.accessTestCaseMainPhase(TestSuiteExecutor.java:202)
	at com.kms.katalon.core.main.TestSuiteExecutor.accessTestSuiteMainPhase(TestSuiteExecutor.java:164)
	at com.kms.katalon.core.main.TestSuiteExecutor.execute(TestSuiteExecutor.java:105)
	at com.kms.katalon.core.main.TestCaseMain.startTestSuite(TestCaseMain.java:185)
	at com.kms.katalon.core.main.TestCaseMain$startTestSuite$0.call(Unknown Source)
	at TempTestSuite1652571923558.run(TempTestSuite1652571923558.groovy:36)]]></system-err>
   </testsuite>
</testsuites>
